[2025-09-19 00:18:54,480] INFO [Controller id=0 epoch=1] Sending UpdateMetadata request to brokers HashSet() for 0 partitions (state.change.logger)
[2025-09-19 00:24:16,577] INFO [Controller id=0 epoch=2] Sending UpdateMetadata request to brokers HashSet(0) for 0 partitions (state.change.logger)
[2025-09-19 00:24:16,622] INFO [Controller id=0 epoch=2] Sending LeaderAndIsr request to broker 0 with 51 become-leader and 0 become-follower partitions (state.change.logger)
[2025-09-19 00:24:16,625] INFO [Controller id=0 epoch=2] Sending UpdateMetadata request to brokers HashSet(0) for 51 partitions (state.change.logger)
[2025-09-19 00:24:16,843] INFO [Broker id=0] Handling LeaderAndIsr request correlationId 1 from controller 0 for 51 partitions (state.change.logger)
[2025-09-19 00:24:16,906] INFO [Broker id=0] Stopped fetchers as part of LeaderAndIsr request correlationId 1 from controller 0 epoch 2 as part of the become-leader transition for 51 partitions (state.change.logger)
[2025-09-19 00:24:16,922] INFO [Broker id=0] Leader __consumer_offsets-3 with topic id Some(nIpM0UDuRDCRREJSBQE_WA) starts at leader epoch 0 from offset 0 with partition epoch 0, high watermark 0, ISR [0], adding replicas [] and removing replicas [] . Previous leader None and previous leader epoch was -1. (state.change.logger)
[2025-09-19 00:24:16,941] INFO [Broker id=0] Leader __consumer_offsets-18 with topic id Some(nIpM0UDuRDCRREJSBQE_WA) starts at leader epoch 0 from offset 0 with partition epoch 0, high watermark 0, ISR [0], adding replicas [] and removing replicas [] . Previous leader None and previous leader epoch was -1. (state.change.logger)
[2025-09-19 00:24:16,945] INFO [Broker id=0] Leader __consumer_offsets-41 with topic id Some(nIpM0UDuRDCRREJSBQE_WA) starts at leader epoch 0 from offset 0 with partition epoch 0, high watermark 0, ISR [0], adding replicas [] and removing replicas [] . Previous leader None and previous leader epoch was -1. (state.change.logger)
[2025-09-19 00:24:16,948] INFO [Broker id=0] Leader __consumer_offsets-10 with topic id Some(nIpM0UDuRDCRREJSBQE_WA) starts at leader epoch 0 from offset 0 with partition epoch 0, high watermark 0, ISR [0], adding replicas [] and removing replicas [] . Previous leader None and previous leader epoch was -1. (state.change.logger)
[2025-09-19 00:24:16,952] INFO [Broker id=0] Leader __consumer_offsets-33 with topic id Some(nIpM0UDuRDCRREJSBQE_WA) starts at leader epoch 0 from offset 0 with partition epoch 0, high watermark 0, ISR [0], adding replicas [] and removing replicas [] . Previous leader None and previous leader epoch was -1. (state.change.logger)
[2025-09-19 00:24:16,955] INFO [Broker id=0] Leader __consumer_offsets-48 with topic id Some(nIpM0UDuRDCRREJSBQE_WA) starts at leader epoch 0 from offset 0 with partition epoch 0, high watermark 0, ISR [0], adding replicas [] and removing replicas [] . Previous leader None and previous leader epoch was -1. (state.change.logger)
[2025-09-19 00:24:16,959] INFO [Broker id=0] Leader __consumer_offsets-19 with topic id Some(nIpM0UDuRDCRREJSBQE_WA) starts at leader epoch 0 from offset 0 with partition epoch 0, high watermark 0, ISR [0], adding replicas [] and removing replicas [] . Previous leader None and previous leader epoch was -1. (state.change.logger)
[2025-09-19 00:24:16,963] INFO [Broker id=0] Leader __consumer_offsets-34 with topic id Some(nIpM0UDuRDCRREJSBQE_WA) starts at leader epoch 0 from offset 0 with partition epoch 0, high watermark 0, ISR [0], adding replicas [] and removing replicas [] . Previous leader None and previous leader epoch was -1. (state.change.logger)
[2025-09-19 00:24:16,966] INFO [Broker id=0] Leader __consumer_offsets-4 with topic id Some(nIpM0UDuRDCRREJSBQE_WA) starts at leader epoch 0 from offset 0 with partition epoch 0, high watermark 0, ISR [0], adding replicas [] and removing replicas [] . Previous leader None and previous leader epoch was -1. (state.change.logger)
[2025-09-19 00:24:16,974] INFO [Broker id=0] Leader __consumer_offsets-11 with topic id Some(nIpM0UDuRDCRREJSBQE_WA) starts at leader epoch 0 from offset 0 with partition epoch 0, high watermark 0, ISR [0], adding replicas [] and removing replicas [] . Previous leader None and previous leader epoch was -1. (state.change.logger)
[2025-09-19 00:24:16,986] INFO [Broker id=0] Leader __consumer_offsets-26 with topic id Some(nIpM0UDuRDCRREJSBQE_WA) starts at leader epoch 0 from offset 0 with partition epoch 0, high watermark 0, ISR [0], adding replicas [] and removing replicas [] . Previous leader None and previous leader epoch was -1. (state.change.logger)
[2025-09-19 00:24:16,993] INFO [Broker id=0] Leader __consumer_offsets-49 with topic id Some(nIpM0UDuRDCRREJSBQE_WA) starts at leader epoch 0 from offset 0 with partition epoch 0, high watermark 0, ISR [0], adding replicas [] and removing replicas [] . Previous leader None and previous leader epoch was -1. (state.change.logger)
[2025-09-19 00:24:16,997] INFO [Broker id=0] Leader __consumer_offsets-39 with topic id Some(nIpM0UDuRDCRREJSBQE_WA) starts at leader epoch 0 from offset 0 with partition epoch 0, high watermark 0, ISR [0], adding replicas [] and removing replicas [] . Previous leader None and previous leader epoch was -1. (state.change.logger)
[2025-09-19 00:24:17,002] INFO [Broker id=0] Leader __consumer_offsets-9 with topic id Some(nIpM0UDuRDCRREJSBQE_WA) starts at leader epoch 0 from offset 0 with partition epoch 0, high watermark 0, ISR [0], adding replicas [] and removing replicas [] . Previous leader None and previous leader epoch was -1. (state.change.logger)
[2025-09-19 00:24:17,010] INFO [Broker id=0] Leader __consumer_offsets-24 with topic id Some(nIpM0UDuRDCRREJSBQE_WA) starts at leader epoch 0 from offset 0 with partition epoch 0, high watermark 0, ISR [0], adding replicas [] and removing replicas [] . Previous leader None and previous leader epoch was -1. (state.change.logger)
[2025-09-19 00:24:17,015] INFO [Broker id=0] Leader __consumer_offsets-31 with topic id Some(nIpM0UDuRDCRREJSBQE_WA) starts at leader epoch 0 from offset 0 with partition epoch 0, high watermark 0, ISR [0], adding replicas [] and removing replicas [] . Previous leader None and previous leader epoch was -1. (state.change.logger)
[2025-09-19 00:24:17,019] INFO [Broker id=0] Leader __consumer_offsets-46 with topic id Some(nIpM0UDuRDCRREJSBQE_WA) starts at leader epoch 0 from offset 0 with partition epoch 0, high watermark 0, ISR [0], adding replicas [] and removing replicas [] . Previous leader None and previous leader epoch was -1. (state.change.logger)
[2025-09-19 00:24:17,026] INFO [Broker id=0] Leader __consumer_offsets-1 with topic id Some(nIpM0UDuRDCRREJSBQE_WA) starts at leader epoch 0 from offset 0 with partition epoch 0, high watermark 0, ISR [0], adding replicas [] and removing replicas [] . Previous leader None and previous leader epoch was -1. (state.change.logger)
[2025-09-19 00:24:17,031] INFO [Broker id=0] Leader __consumer_offsets-16 with topic id Some(nIpM0UDuRDCRREJSBQE_WA) starts at leader epoch 0 from offset 0 with partition epoch 0, high watermark 0, ISR [0], adding replicas [] and removing replicas [] . Previous leader None and previous leader epoch was -1. (state.change.logger)
[2025-09-19 00:24:17,035] INFO [Broker id=0] Leader __consumer_offsets-2 with topic id Some(nIpM0UDuRDCRREJSBQE_WA) starts at leader epoch 0 from offset 0 with partition epoch 0, high watermark 0, ISR [0], adding replicas [] and removing replicas [] . Previous leader None and previous leader epoch was -1. (state.change.logger)
[2025-09-19 00:24:17,040] INFO [Broker id=0] Leader __consumer_offsets-25 with topic id Some(nIpM0UDuRDCRREJSBQE_WA) starts at leader epoch 0 from offset 0 with partition epoch 0, high watermark 0, ISR [0], adding replicas [] and removing replicas [] . Previous leader None and previous leader epoch was -1. (state.change.logger)
[2025-09-19 00:24:17,045] INFO [Broker id=0] Leader __consumer_offsets-40 with topic id Some(nIpM0UDuRDCRREJSBQE_WA) starts at leader epoch 0 from offset 0 with partition epoch 0, high watermark 0, ISR [0], adding replicas [] and removing replicas [] . Previous leader None and previous leader epoch was -1. (state.change.logger)
[2025-09-19 00:24:17,048] INFO [Broker id=0] Leader __consumer_offsets-47 with topic id Some(nIpM0UDuRDCRREJSBQE_WA) starts at leader epoch 0 from offset 0 with partition epoch 0, high watermark 0, ISR [0], adding replicas [] and removing replicas [] . Previous leader None and previous leader epoch was -1. (state.change.logger)
[2025-09-19 00:24:17,052] INFO [Broker id=0] Leader __consumer_offsets-17 with topic id Some(nIpM0UDuRDCRREJSBQE_WA) starts at leader epoch 0 from offset 0 with partition epoch 0, high watermark 0, ISR [0], adding replicas [] and removing replicas [] . Previous leader None and previous leader epoch was -1. (state.change.logger)
[2025-09-19 00:24:17,060] INFO [Broker id=0] Leader __consumer_offsets-32 with topic id Some(nIpM0UDuRDCRREJSBQE_WA) starts at leader epoch 0 from offset 0 with partition epoch 0, high watermark 0, ISR [0], adding replicas [] and removing replicas [] . Previous leader None and previous leader epoch was -1. (state.change.logger)
[2025-09-19 00:24:17,064] INFO [Broker id=0] Leader __consumer_offsets-37 with topic id Some(nIpM0UDuRDCRREJSBQE_WA) starts at leader epoch 0 from offset 0 with partition epoch 0, high watermark 0, ISR [0], adding replicas [] and removing replicas [] . Previous leader None and previous leader epoch was -1. (state.change.logger)
[2025-09-19 00:24:17,068] INFO [Broker id=0] Leader __consumer_offsets-7 with topic id Some(nIpM0UDuRDCRREJSBQE_WA) starts at leader epoch 0 from offset 0 with partition epoch 0, high watermark 0, ISR [0], adding replicas [] and removing replicas [] . Previous leader None and previous leader epoch was -1. (state.change.logger)
[2025-09-19 00:24:17,073] INFO [Broker id=0] Leader __consumer_offsets-22 with topic id Some(nIpM0UDuRDCRREJSBQE_WA) starts at leader epoch 0 from offset 0 with partition epoch 0, high watermark 0, ISR [0], adding replicas [] and removing replicas [] . Previous leader None and previous leader epoch was -1. (state.change.logger)
[2025-09-19 00:24:17,077] INFO [Broker id=0] Leader __consumer_offsets-29 with topic id Some(nIpM0UDuRDCRREJSBQE_WA) starts at leader epoch 0 from offset 0 with partition epoch 0, high watermark 0, ISR [0], adding replicas [] and removing replicas [] . Previous leader None and previous leader epoch was -1. (state.change.logger)
[2025-09-19 00:24:17,081] INFO [Broker id=0] Leader __consumer_offsets-44 with topic id Some(nIpM0UDuRDCRREJSBQE_WA) starts at leader epoch 0 from offset 3 with partition epoch 0, high watermark 3, ISR [0], adding replicas [] and removing replicas [] . Previous leader None and previous leader epoch was -1. (state.change.logger)
[2025-09-19 00:24:17,082] INFO [Broker id=0] Leader __consumer_offsets-14 with topic id Some(nIpM0UDuRDCRREJSBQE_WA) starts at leader epoch 0 from offset 0 with partition epoch 0, high watermark 0, ISR [0], adding replicas [] and removing replicas [] . Previous leader None and previous leader epoch was -1. (state.change.logger)
[2025-09-19 00:24:17,085] INFO [Broker id=0] Leader __consumer_offsets-23 with topic id Some(nIpM0UDuRDCRREJSBQE_WA) starts at leader epoch 0 from offset 0 with partition epoch 0, high watermark 0, ISR [0], adding replicas [] and removing replicas [] . Previous leader None and previous leader epoch was -1. (state.change.logger)
[2025-09-19 00:24:17,089] INFO [Broker id=0] Leader __consumer_offsets-38 with topic id Some(nIpM0UDuRDCRREJSBQE_WA) starts at leader epoch 0 from offset 0 with partition epoch 0, high watermark 0, ISR [0], adding replicas [] and removing replicas [] . Previous leader None and previous leader epoch was -1. (state.change.logger)
[2025-09-19 00:24:17,093] INFO [Broker id=0] Leader __consumer_offsets-8 with topic id Some(nIpM0UDuRDCRREJSBQE_WA) starts at leader epoch 0 from offset 0 with partition epoch 0, high watermark 0, ISR [0], adding replicas [] and removing replicas [] . Previous leader None and previous leader epoch was -1. (state.change.logger)
[2025-09-19 00:24:17,097] INFO [Broker id=0] Leader chat-0 with topic id Some(r9UEhwPIRAOmhJyKS0M2mg) starts at leader epoch 0 from offset 5 with partition epoch 0, high watermark 5, ISR [0], adding replicas [] and removing replicas [] . Previous leader None and previous leader epoch was -1. (state.change.logger)
[2025-09-19 00:24:17,097] INFO [Broker id=0] Leader __consumer_offsets-45 with topic id Some(nIpM0UDuRDCRREJSBQE_WA) starts at leader epoch 0 from offset 3 with partition epoch 0, high watermark 3, ISR [0], adding replicas [] and removing replicas [] . Previous leader None and previous leader epoch was -1. (state.change.logger)
[2025-09-19 00:24:17,098] INFO [Broker id=0] Leader __consumer_offsets-15 with topic id Some(nIpM0UDuRDCRREJSBQE_WA) starts at leader epoch 0 from offset 0 with partition epoch 0, high watermark 0, ISR [0], adding replicas [] and removing replicas [] . Previous leader None and previous leader epoch was -1. (state.change.logger)
[2025-09-19 00:24:17,102] INFO [Broker id=0] Leader __consumer_offsets-30 with topic id Some(nIpM0UDuRDCRREJSBQE_WA) starts at leader epoch 0 from offset 0 with partition epoch 0, high watermark 0, ISR [0], adding replicas [] and removing replicas [] . Previous leader None and previous leader epoch was -1. (state.change.logger)
[2025-09-19 00:24:17,106] INFO [Broker id=0] Leader __consumer_offsets-0 with topic id Some(nIpM0UDuRDCRREJSBQE_WA) starts at leader epoch 0 from offset 0 with partition epoch 0, high watermark 0, ISR [0], adding replicas [] and removing replicas [] . Previous leader None and previous leader epoch was -1. (state.change.logger)
[2025-09-19 00:24:17,109] INFO [Broker id=0] Leader __consumer_offsets-35 with topic id Some(nIpM0UDuRDCRREJSBQE_WA) starts at leader epoch 0 from offset 0 with partition epoch 0, high watermark 0, ISR [0], adding replicas [] and removing replicas [] . Previous leader None and previous leader epoch was -1. (state.change.logger)
[2025-09-19 00:24:17,113] INFO [Broker id=0] Leader __consumer_offsets-5 with topic id Some(nIpM0UDuRDCRREJSBQE_WA) starts at leader epoch 0 from offset 0 with partition epoch 0, high watermark 0, ISR [0], adding replicas [] and removing replicas [] . Previous leader None and previous leader epoch was -1. (state.change.logger)
[2025-09-19 00:24:17,116] INFO [Broker id=0] Leader __consumer_offsets-20 with topic id Some(nIpM0UDuRDCRREJSBQE_WA) starts at leader epoch 0 from offset 0 with partition epoch 0, high watermark 0, ISR [0], adding replicas [] and removing replicas [] . Previous leader None and previous leader epoch was -1. (state.change.logger)
[2025-09-19 00:24:17,125] INFO [Broker id=0] Leader __consumer_offsets-27 with topic id Some(nIpM0UDuRDCRREJSBQE_WA) starts at leader epoch 0 from offset 0 with partition epoch 0, high watermark 0, ISR [0], adding replicas [] and removing replicas [] . Previous leader None and previous leader epoch was -1. (state.change.logger)
[2025-09-19 00:24:17,129] INFO [Broker id=0] Leader __consumer_offsets-42 with topic id Some(nIpM0UDuRDCRREJSBQE_WA) starts at leader epoch 0 from offset 0 with partition epoch 0, high watermark 0, ISR [0], adding replicas [] and removing replicas [] . Previous leader None and previous leader epoch was -1. (state.change.logger)
[2025-09-19 00:24:17,133] INFO [Broker id=0] Leader __consumer_offsets-12 with topic id Some(nIpM0UDuRDCRREJSBQE_WA) starts at leader epoch 0 from offset 3 with partition epoch 0, high watermark 3, ISR [0], adding replicas [] and removing replicas [] . Previous leader None and previous leader epoch was -1. (state.change.logger)
[2025-09-19 00:24:17,133] INFO [Broker id=0] Leader __consumer_offsets-21 with topic id Some(nIpM0UDuRDCRREJSBQE_WA) starts at leader epoch 0 from offset 0 with partition epoch 0, high watermark 0, ISR [0], adding replicas [] and removing replicas [] . Previous leader None and previous leader epoch was -1. (state.change.logger)
[2025-09-19 00:24:17,137] INFO [Broker id=0] Leader __consumer_offsets-36 with topic id Some(nIpM0UDuRDCRREJSBQE_WA) starts at leader epoch 0 from offset 0 with partition epoch 0, high watermark 0, ISR [0], adding replicas [] and removing replicas [] . Previous leader None and previous leader epoch was -1. (state.change.logger)
[2025-09-19 00:24:17,141] INFO [Broker id=0] Leader __consumer_offsets-6 with topic id Some(nIpM0UDuRDCRREJSBQE_WA) starts at leader epoch 0 from offset 0 with partition epoch 0, high watermark 0, ISR [0], adding replicas [] and removing replicas [] . Previous leader None and previous leader epoch was -1. (state.change.logger)
[2025-09-19 00:24:17,144] INFO [Broker id=0] Leader __consumer_offsets-43 with topic id Some(nIpM0UDuRDCRREJSBQE_WA) starts at leader epoch 0 from offset 0 with partition epoch 0, high watermark 0, ISR [0], adding replicas [] and removing replicas [] . Previous leader None and previous leader epoch was -1. (state.change.logger)
[2025-09-19 00:24:17,149] INFO [Broker id=0] Leader __consumer_offsets-13 with topic id Some(nIpM0UDuRDCRREJSBQE_WA) starts at leader epoch 0 from offset 0 with partition epoch 0, high watermark 0, ISR [0], adding replicas [] and removing replicas [] . Previous leader None and previous leader epoch was -1. (state.change.logger)
[2025-09-19 00:24:17,152] INFO [Broker id=0] Leader __consumer_offsets-28 with topic id Some(nIpM0UDuRDCRREJSBQE_WA) starts at leader epoch 0 from offset 0 with partition epoch 0, high watermark 0, ISR [0], adding replicas [] and removing replicas [] . Previous leader None and previous leader epoch was -1. (state.change.logger)
[2025-09-19 00:24:17,212] INFO [Broker id=0] Finished LeaderAndIsr request in 370ms correlationId 1 from controller 0 for 51 partitions (state.change.logger)
[2025-09-19 00:24:17,221] INFO [Broker id=0] Add 51 partitions and deleted 0 partitions from metadata cache in response to UpdateMetadata request sent by controller 0 epoch 2 with correlation id 2 (state.change.logger)
[2025-09-19 00:24:59,432] INFO [Controller id=0 epoch=2] Sending UpdateMetadata request to brokers HashSet(0) for 0 partitions (state.change.logger)
[2025-09-19 00:24:59,436] INFO [Controller id=0 epoch=2] Sending UpdateMetadata request to brokers HashSet(1) for 51 partitions (state.change.logger)
[2025-09-19 00:24:59,986] INFO [Broker id=1] Add 51 partitions and deleted 0 partitions from metadata cache in response to UpdateMetadata request sent by controller 0 epoch 2 with correlation id 0 (state.change.logger)
[2025-09-19 00:25:30,359] INFO [Controller id=0 epoch=2] Sending UpdateMetadata request to brokers HashSet(0, 1) for 0 partitions (state.change.logger)
[2025-09-19 00:25:30,361] INFO [Controller id=0 epoch=2] Sending UpdateMetadata request to brokers HashSet(2) for 51 partitions (state.change.logger)
[2025-09-19 00:25:30,909] INFO [Broker id=2] Add 51 partitions and deleted 0 partitions from metadata cache in response to UpdateMetadata request sent by controller 0 epoch 2 with correlation id 0 (state.change.logger)
[2025-09-19 00:26:47,906] INFO [Controller id=0 epoch=2] Changed partition events-0 state from NonExistentPartition to NewPartition with assigned replicas 1,0 (state.change.logger)
[2025-09-19 00:26:47,906] INFO [Controller id=0 epoch=2] Changed partition events-1 state from NonExistentPartition to NewPartition with assigned replicas 0,2 (state.change.logger)
[2025-09-19 00:26:47,906] INFO [Controller id=0 epoch=2] Changed partition events-2 state from NonExistentPartition to NewPartition with assigned replicas 2,1 (state.change.logger)
[2025-09-19 00:26:47,907] INFO [Controller id=0 epoch=2] Sending UpdateMetadata request to brokers HashSet() for 0 partitions (state.change.logger)
[2025-09-19 00:26:47,908] INFO [Controller id=0 epoch=2] Sending UpdateMetadata request to brokers HashSet() for 0 partitions (state.change.logger)
[2025-09-19 00:26:47,926] INFO [Controller id=0 epoch=2] Changed partition events-0 from NewPartition to OnlinePartition with state LeaderAndIsr(leader=1, leaderEpoch=0, isrWithBrokerEpoch=List(BrokerState(brokerId=1, brokerEpoch=-1), BrokerState(brokerId=0, brokerEpoch=-1)), leaderRecoveryState=RECOVERED, partitionEpoch=0) (state.change.logger)
[2025-09-19 00:26:47,926] INFO [Controller id=0 epoch=2] Changed partition events-1 from NewPartition to OnlinePartition with state LeaderAndIsr(leader=0, leaderEpoch=0, isrWithBrokerEpoch=List(BrokerState(brokerId=0, brokerEpoch=-1), BrokerState(brokerId=2, brokerEpoch=-1)), leaderRecoveryState=RECOVERED, partitionEpoch=0) (state.change.logger)
[2025-09-19 00:26:47,927] INFO [Controller id=0 epoch=2] Changed partition events-2 from NewPartition to OnlinePartition with state LeaderAndIsr(leader=2, leaderEpoch=0, isrWithBrokerEpoch=List(BrokerState(brokerId=2, brokerEpoch=-1), BrokerState(brokerId=1, brokerEpoch=-1)), leaderRecoveryState=RECOVERED, partitionEpoch=0) (state.change.logger)
[2025-09-19 00:26:47,927] INFO [Controller id=0 epoch=2] Sending LeaderAndIsr request to broker 0 with 1 become-leader and 1 become-follower partitions (state.change.logger)
[2025-09-19 00:26:47,928] INFO [Controller id=0 epoch=2] Sending LeaderAndIsr request to broker 1 with 1 become-leader and 1 become-follower partitions (state.change.logger)
[2025-09-19 00:26:47,928] INFO [Controller id=0 epoch=2] Sending LeaderAndIsr request to broker 2 with 1 become-leader and 1 become-follower partitions (state.change.logger)
[2025-09-19 00:26:47,929] INFO [Controller id=0 epoch=2] Sending UpdateMetadata request to brokers HashSet(0, 1, 2) for 3 partitions (state.change.logger)
[2025-09-19 00:26:47,929] INFO [Broker id=0] Handling LeaderAndIsr request correlationId 5 from controller 0 for 2 partitions (state.change.logger)
[2025-09-19 00:26:47,930] INFO [Controller id=0 epoch=2] Sending UpdateMetadata request to brokers HashSet() for 0 partitions (state.change.logger)
[2025-09-19 00:26:47,932] INFO [Broker id=0] Stopped fetchers as part of LeaderAndIsr request correlationId 5 from controller 0 epoch 2 as part of the become-leader transition for 1 partitions (state.change.logger)
[2025-09-19 00:26:47,933] INFO [Broker id=1] Handling LeaderAndIsr request correlationId 2 from controller 0 for 2 partitions (state.change.logger)
[2025-09-19 00:26:47,933] INFO [Broker id=2] Handling LeaderAndIsr request correlationId 1 from controller 0 for 2 partitions (state.change.logger)
[2025-09-19 00:26:47,948] INFO [Broker id=0] Leader events-1 with topic id Some(Kw7i26TAQhmkWwp_d-_D-w) starts at leader epoch 0 from offset 0 with partition epoch 0, high watermark 0, ISR [0,2], adding replicas [] and removing replicas [] . Previous leader None and previous leader epoch was -1. (state.change.logger)
[2025-09-19 00:26:47,965] INFO [Broker id=0] Follower events-0 starts at leader epoch 0 from offset 0 with partition epoch 0 and high watermark 0. Current leader is 1. Previous leader Some(1) and previous leader epoch was 0. (state.change.logger)
[2025-09-19 00:26:47,967] INFO [Broker id=0] Stopped fetchers as part of become-follower request from controller 0 epoch 2 with correlation id 5 for 1 partitions (state.change.logger)
[2025-09-19 00:26:47,971] INFO [Broker id=2] Stopped fetchers as part of LeaderAndIsr request correlationId 1 from controller 0 epoch 2 as part of the become-leader transition for 1 partitions (state.change.logger)
[2025-09-19 00:26:47,972] INFO [Broker id=1] Stopped fetchers as part of LeaderAndIsr request correlationId 2 from controller 0 epoch 2 as part of the become-leader transition for 1 partitions (state.change.logger)
[2025-09-19 00:26:48,030] INFO [Broker id=0] Finished LeaderAndIsr request in 101ms correlationId 5 from controller 0 for 2 partitions (state.change.logger)
[2025-09-19 00:26:48,034] INFO [Broker id=0] Add 3 partitions and deleted 0 partitions from metadata cache in response to UpdateMetadata request sent by controller 0 epoch 2 with correlation id 6 (state.change.logger)
[2025-09-19 00:26:48,148] INFO [Broker id=1] Leader events-0 with topic id Some(Kw7i26TAQhmkWwp_d-_D-w) starts at leader epoch 0 from offset 0 with partition epoch 0, high watermark 0, ISR [1,0], adding replicas [] and removing replicas [] . Previous leader None and previous leader epoch was -1. (state.change.logger)
[2025-09-19 00:26:48,150] INFO [Broker id=2] Leader events-2 with topic id Some(Kw7i26TAQhmkWwp_d-_D-w) starts at leader epoch 0 from offset 0 with partition epoch 0, high watermark 0, ISR [2,1], adding replicas [] and removing replicas [] . Previous leader None and previous leader epoch was -1. (state.change.logger)
[2025-09-19 00:26:48,170] INFO [Broker id=1] Follower events-2 starts at leader epoch 0 from offset 0 with partition epoch 0 and high watermark 0. Current leader is 2. Previous leader Some(2) and previous leader epoch was 0. (state.change.logger)
[2025-09-19 00:26:48,173] INFO [Broker id=1] Stopped fetchers as part of become-follower request from controller 0 epoch 2 with correlation id 2 for 1 partitions (state.change.logger)
[2025-09-19 00:26:48,176] INFO [Broker id=2] Follower events-1 starts at leader epoch 0 from offset 0 with partition epoch 0 and high watermark 0. Current leader is 0. Previous leader Some(0) and previous leader epoch was 0. (state.change.logger)
[2025-09-19 00:26:48,178] INFO [Broker id=2] Stopped fetchers as part of become-follower request from controller 0 epoch 2 with correlation id 1 for 1 partitions (state.change.logger)
[2025-09-19 00:26:48,255] INFO [Broker id=1] Finished LeaderAndIsr request in 322ms correlationId 2 from controller 0 for 2 partitions (state.change.logger)
[2025-09-19 00:26:48,262] INFO [Broker id=1] Add 3 partitions and deleted 0 partitions from metadata cache in response to UpdateMetadata request sent by controller 0 epoch 2 with correlation id 3 (state.change.logger)
[2025-09-19 00:26:48,269] INFO [Broker id=2] Finished LeaderAndIsr request in 337ms correlationId 1 from controller 0 for 2 partitions (state.change.logger)
[2025-09-19 00:26:48,274] INFO [Broker id=2] Add 3 partitions and deleted 0 partitions from metadata cache in response to UpdateMetadata request sent by controller 0 epoch 2 with correlation id 2 (state.change.logger)
